==19981== Memcheck, a memory error detector
==19981== Copyright (C) 2002-2012, and GNU GPL'd, by Julian Seward et al.
==19981== Using Valgrind-3.8.1 and LibVEX; rerun with -h for copyright info
==19981== Command: ./shuf 2 2
==19981== Parent PID: 19980
==19981== 
--19981-- 
--19981-- Valgrind options:
--19981--    --tool=memcheck
--19981--    --verbose
--19981--    --log-file=./valgrind.log
--19981-- Contents of /proc/version:
--19981--   Linux version 2.6.32-754.3.5.el6.x86_64 (mockbuild@x86-042.build.eng.bos.redhat.com) (gcc version 4.4.7 20120313 (Red Hat 4.4.7-23) (GCC) ) #1 SMP Thu Aug 9 11:56:22 EDT 2018
--19981-- Arch and hwcaps: AMD64, amd64-sse3-cx16-avx
--19981-- Page sizes: currently 4096, max supported 4096
--19981-- Valgrind library directory: /usr/lib64/valgrind
--19981-- Reading syms from /home/shay/a/lgoyal/ECE264/solutions/My-ECE264-Work/HW09/shuf
--19981-- Reading syms from /usr/lib64/valgrind/memcheck-amd64-linux
--19981--    object doesn't have a dynamic symbol table
--19981-- Reading syms from /lib64/ld-2.12.so
--19981--   Considering /usr/lib/debug/.build-id/1c/c2165e019d43f71fde0a47af9f4c8eb5e51963.debug ..
--19981--   .. build-id is valid
--19981-- Scheduler: using generic scheduler lock implementation.
--19981-- Reading suppressions file: /usr/lib64/valgrind/default.supp
==19981== embedded gdbserver: reading from /tmp/vgdb-pipe-from-vgdb-to-19981-by-lgoyal-on-ecegrid-thin4.ecn.purdue.edu
==19981== embedded gdbserver: writing to   /tmp/vgdb-pipe-to-vgdb-from-19981-by-lgoyal-on-ecegrid-thin4.ecn.purdue.edu
==19981== embedded gdbserver: shared mem   /tmp/vgdb-pipe-shared-mem-vgdb-19981-by-lgoyal-on-ecegrid-thin4.ecn.purdue.edu
==19981== 
==19981== TO CONTROL THIS PROCESS USING vgdb (which you probably
==19981== don't want to do, unless you know exactly what you're doing,
==19981== or are doing some strange experiment):
==19981==   /usr/lib64/valgrind/../../bin/vgdb --pid=19981 ...command...
==19981== 
==19981== TO DEBUG THIS PROCESS USING GDB: start GDB like this
==19981==   /path/to/gdb ./shuf
==19981== and then give GDB the following command
==19981==   target remote | /usr/lib64/valgrind/../../bin/vgdb --pid=19981
==19981== --pid is optional if only one valgrind process is running
==19981== 
--19981-- REDIR: 0x3d36217f90 (strlen) redirected to 0x38049551 (vgPlain_amd64_linux_REDIR_FOR_strlen)
--19981-- Reading syms from /usr/lib64/valgrind/vgpreload_core-amd64-linux.so
--19981-- Reading syms from /usr/lib64/valgrind/vgpreload_memcheck-amd64-linux.so
--19981-- REDIR: 0x3d36217da0 (index) redirected to 0x4a07c30 (index)
--19981-- REDIR: 0x3d36217e20 (strcmp) redirected to 0x4a08570 (strcmp)
--19981-- Reading syms from /lib64/libc-2.12.so
--19981--   Considering /usr/lib/debug/.build-id/8e/3aace76351b6a83390ca065e904eb82fbd1ec7.debug ..
--19981--   .. build-id is valid
--19981-- REDIR: 0x3d36684d10 (strcasecmp) redirected to 0x480155c (_vgnU_ifunc_wrapper)
--19981-- REDIR: 0x3d36686fd0 (strncasecmp) redirected to 0x480155c (_vgnU_ifunc_wrapper)
--19981-- REDIR: 0x3d36682c80 (__GI_strrchr) redirected to 0x4a07ab0 (__GI_strrchr)
--19981-- REDIR: 0x3d366896b0 (memcpy) redirected to 0x4a08b60 (memcpy)
--19981-- REDIR: 0x3d3667aa50 (malloc) redirected to 0x4a069ac (malloc)
--19981-- REDIR: 0x3d36682c20 (strncpy) redirected to 0x480155c (_vgnU_ifunc_wrapper)
--19981-- REDIR: 0x3d36734e00 (???) redirected to 0x4a08170 (strncpy)
--19981-- REDIR: 0x3d3667b8b0 (free) redirected to 0x4a063a9 (free)
==19981== 
==19981== HEAP SUMMARY:
==19981==     in use at exit: 0 bytes in 0 blocks
==19981==   total heap usage: 6 allocs, 6 frees, 72 bytes allocated
==19981== 
==19981== All heap blocks were freed -- no leaks are possible
==19981== 
==19981== ERROR SUMMARY: 0 errors from 0 contexts (suppressed: 8 from 6)
--19981-- 
--19981-- used_suppression:      4 U1004-ARM-_dl_relocate_object
--19981-- used_suppression:      4 glibc-2.5.x-on-SUSE-10.2-(PPC)-2a
==19981== 
==19981== ERROR SUMMARY: 0 errors from 0 contexts (suppressed: 8 from 6)
