==1671== Memcheck, a memory error detector
==1671== Copyright (C) 2002-2012, and GNU GPL'd, by Julian Seward et al.
==1671== Using Valgrind-3.8.1 and LibVEX; rerun with -h for copyright info
==1671== Command: ./hw10 exampleImages/RV2.bmp output/grayRV2.bmp
==1671== Parent PID: 1670
==1671== 
--1671-- 
--1671-- Valgrind options:
--1671--    --tool=memcheck
--1671--    --verbose
--1671--    --log-file=./valgrind.log
--1671-- Contents of /proc/version:
--1671--   Linux version 2.6.32-754.3.5.el6.x86_64 (mockbuild@x86-042.build.eng.bos.redhat.com) (gcc version 4.4.7 20120313 (Red Hat 4.4.7-23) (GCC) ) #1 SMP Thu Aug 9 11:56:22 EDT 2018
--1671-- Arch and hwcaps: AMD64, amd64-sse3-cx16-avx
--1671-- Page sizes: currently 4096, max supported 4096
--1671-- Valgrind library directory: /usr/lib64/valgrind
--1671-- Reading syms from /home/shay/a/lgoyal/ECE264/solutions/My-ECE264-Work/HW10/hw10
--1671-- Reading syms from /usr/lib64/valgrind/memcheck-amd64-linux
--1671--    object doesn't have a dynamic symbol table
--1671-- Reading syms from /lib64/ld-2.12.so
--1671--   Considering /usr/lib/debug/.build-id/1c/c2165e019d43f71fde0a47af9f4c8eb5e51963.debug ..
--1671--   .. build-id is valid
--1671-- Scheduler: using generic scheduler lock implementation.
--1671-- Reading suppressions file: /usr/lib64/valgrind/default.supp
==1671== embedded gdbserver: reading from /tmp/vgdb-pipe-from-vgdb-to-1671-by-lgoyal-on-ecegrid-thin4.ecn.purdue.edu
==1671== embedded gdbserver: writing to   /tmp/vgdb-pipe-to-vgdb-from-1671-by-lgoyal-on-ecegrid-thin4.ecn.purdue.edu
==1671== embedded gdbserver: shared mem   /tmp/vgdb-pipe-shared-mem-vgdb-1671-by-lgoyal-on-ecegrid-thin4.ecn.purdue.edu
==1671== 
==1671== TO CONTROL THIS PROCESS USING vgdb (which you probably
==1671== don't want to do, unless you know exactly what you're doing,
==1671== or are doing some strange experiment):
==1671==   /usr/lib64/valgrind/../../bin/vgdb --pid=1671 ...command...
==1671== 
==1671== TO DEBUG THIS PROCESS USING GDB: start GDB like this
==1671==   /path/to/gdb ./hw10
==1671== and then give GDB the following command
==1671==   target remote | /usr/lib64/valgrind/../../bin/vgdb --pid=1671
==1671== --pid is optional if only one valgrind process is running
==1671== 
--1671-- REDIR: 0x3d36217f90 (strlen) redirected to 0x38049551 (vgPlain_amd64_linux_REDIR_FOR_strlen)
--1671-- Reading syms from /usr/lib64/valgrind/vgpreload_core-amd64-linux.so
--1671-- Reading syms from /usr/lib64/valgrind/vgpreload_memcheck-amd64-linux.so
--1671-- REDIR: 0x3d36217da0 (index) redirected to 0x4a07c30 (index)
--1671-- REDIR: 0x3d36217e20 (strcmp) redirected to 0x4a08570 (strcmp)
--1671-- Reading syms from /lib64/libc-2.12.so
--1671--   Considering /usr/lib/debug/.build-id/8e/3aace76351b6a83390ca065e904eb82fbd1ec7.debug ..
--1671--   .. build-id is valid
--1671-- REDIR: 0x3d36684d10 (strcasecmp) redirected to 0x480155c (_vgnU_ifunc_wrapper)
--1671-- REDIR: 0x3d36686fd0 (strncasecmp) redirected to 0x480155c (_vgnU_ifunc_wrapper)
--1671-- REDIR: 0x3d36682c80 (__GI_strrchr) redirected to 0x4a07ab0 (__GI_strrchr)
--1671-- REDIR: 0x3d3667aa50 (malloc) redirected to 0x4a069ac (malloc)
--1671-- REDIR: 0x3d366896b0 (memcpy) redirected to 0x4a08b60 (memcpy)
--1671-- REDIR: 0x3d3667b8b0 (free) redirected to 0x4a063a9 (free)
--1671-- REDIR: 0x3d36684540 (mempcpy) redirected to 0x4a0a020 (mempcpy)
==1671== 
==1671== HEAP SUMMARY:
==1671==     in use at exit: 0 bytes in 0 blocks
==1671==   total heap usage: 6 allocs, 6 frees, 22,119,660 bytes allocated
==1671== 
==1671== All heap blocks were freed -- no leaks are possible
==1671== 
==1671== ERROR SUMMARY: 0 errors from 0 contexts (suppressed: 8 from 6)
--1671-- 
--1671-- used_suppression:      4 U1004-ARM-_dl_relocate_object
--1671-- used_suppression:      4 glibc-2.5.x-on-SUSE-10.2-(PPC)-2a
==1671== 
==1671== ERROR SUMMARY: 0 errors from 0 contexts (suppressed: 8 from 6)
