==1907== Memcheck, a memory error detector
==1907== Copyright (C) 2002-2012, and GNU GPL'd, by Julian Seward et al.
==1907== Using Valgrind-3.8.1 and LibVEX; rerun with -h for copyright info
==1907== Command: ./hw13 inputs/test1.txt
==1907== Parent PID: 1900
==1907== 
--1907-- 
--1907-- Valgrind options:
--1907--    --tool=memcheck
--1907--    --verbose
--1907--    --log-file=./valgrind1.log
--1907-- Contents of /proc/version:
--1907--   Linux version 2.6.32-754.3.5.el6.x86_64 (mockbuild@x86-042.build.eng.bos.redhat.com) (gcc version 4.4.7 20120313 (Red Hat 4.4.7-23) (GCC) ) #1 SMP Thu Aug 9 11:56:22 EDT 2018
--1907-- Arch and hwcaps: AMD64, amd64-sse3-cx16-lzcnt-avx2-bmi
--1907-- Page sizes: currently 4096, max supported 4096
--1907-- Valgrind library directory: /usr/lib64/valgrind
--1907-- Reading syms from /home/shay/a/lgoyal/ECE264/solutions/My-ECE264-Work/HW13/hw13
--1907-- Reading syms from /usr/lib64/valgrind/memcheck-amd64-linux
--1907--    object doesn't have a dynamic symbol table
--1907-- Reading syms from /lib64/ld-2.12.so
--1907--   Considering /usr/lib/debug/.build-id/1c/c2165e019d43f71fde0a47af9f4c8eb5e51963.debug ..
--1907--   .. build-id is valid
--1907-- Scheduler: using generic scheduler lock implementation.
--1907-- Reading suppressions file: /usr/lib64/valgrind/default.supp
==1907== embedded gdbserver: reading from /tmp/vgdb-pipe-from-vgdb-to-1907-by-lgoyal-on-ecegrid-thin7.ecn.purdue.edu
==1907== embedded gdbserver: writing to   /tmp/vgdb-pipe-to-vgdb-from-1907-by-lgoyal-on-ecegrid-thin7.ecn.purdue.edu
==1907== embedded gdbserver: shared mem   /tmp/vgdb-pipe-shared-mem-vgdb-1907-by-lgoyal-on-ecegrid-thin7.ecn.purdue.edu
==1907== 
==1907== TO CONTROL THIS PROCESS USING vgdb (which you probably
==1907== don't want to do, unless you know exactly what you're doing,
==1907== or are doing some strange experiment):
==1907==   /usr/lib64/valgrind/../../bin/vgdb --pid=1907 ...command...
==1907== 
==1907== TO DEBUG THIS PROCESS USING GDB: start GDB like this
==1907==   /path/to/gdb ./hw13
==1907== and then give GDB the following command
==1907==   target remote | /usr/lib64/valgrind/../../bin/vgdb --pid=1907
==1907== --pid is optional if only one valgrind process is running
==1907== 
--1907-- REDIR: 0x33bc217f90 (strlen) redirected to 0x38049551 (vgPlain_amd64_linux_REDIR_FOR_strlen)
--1907-- Reading syms from /usr/lib64/valgrind/vgpreload_core-amd64-linux.so
--1907-- Reading syms from /usr/lib64/valgrind/vgpreload_memcheck-amd64-linux.so
--1907-- REDIR: 0x33bc217da0 (index) redirected to 0x4a07c30 (index)
--1907-- REDIR: 0x33bc217e20 (strcmp) redirected to 0x4a08570 (strcmp)
--1907-- Reading syms from /lib64/libc-2.12.so
--1907--   Considering /usr/lib/debug/.build-id/8e/3aace76351b6a83390ca065e904eb82fbd1ec7.debug ..
--1907--   .. build-id is valid
--1907-- REDIR: 0x33bc684d10 (strcasecmp) redirected to 0x480155c (_vgnU_ifunc_wrapper)
--1907-- REDIR: 0x33bc686fd0 (strncasecmp) redirected to 0x480155c (_vgnU_ifunc_wrapper)
--1907-- REDIR: 0x33bc682c80 (__GI_strrchr) redirected to 0x4a07ab0 (__GI_strrchr)
--1907-- REDIR: 0x33bc67aa50 (malloc) redirected to 0x4a069ac (malloc)
--1907-- REDIR: 0x33bc68ab30 (strchrnul) redirected to 0x4a09fb0 (strchrnul)
--1907-- REDIR: 0x33bc67b8b0 (free) redirected to 0x4a063a9 (free)
==1907== 
==1907== HEAP SUMMARY:
==1907==     in use at exit: 0 bytes in 0 blocks
==1907==   total heap usage: 17 allocs, 17 frees, 868 bytes allocated
==1907== 
==1907== All heap blocks were freed -- no leaks are possible
==1907== 
==1907== ERROR SUMMARY: 0 errors from 0 contexts (suppressed: 8 from 6)
--1907-- 
--1907-- used_suppression:      4 U1004-ARM-_dl_relocate_object
--1907-- used_suppression:      4 glibc-2.5.x-on-SUSE-10.2-(PPC)-2a
==1907== 
==1907== ERROR SUMMARY: 0 errors from 0 contexts (suppressed: 8 from 6)
