==5678== Memcheck, a memory error detector
==5678== Copyright (C) 2002-2012, and GNU GPL'd, by Julian Seward et al.
==5678== Using Valgrind-3.8.1 and LibVEX; rerun with -h for copyright info
==5678== Command: ./hw13 inputs/test6.txt
==5678== Parent PID: 5669
==5678== 
--5678-- 
--5678-- Valgrind options:
--5678--    --tool=memcheck
--5678--    --verbose
--5678--    --log-file=./valgrind6.log
--5678-- Contents of /proc/version:
--5678--   Linux version 2.6.32-754.3.5.el6.x86_64 (mockbuild@x86-042.build.eng.bos.redhat.com) (gcc version 4.4.7 20120313 (Red Hat 4.4.7-23) (GCC) ) #1 SMP Thu Aug 9 11:56:22 EDT 2018
--5678-- Arch and hwcaps: AMD64, amd64-sse3-cx16-lzcnt-avx2-bmi
--5678-- Page sizes: currently 4096, max supported 4096
--5678-- Valgrind library directory: /usr/lib64/valgrind
--5678-- Reading syms from /home/shay/a/lgoyal/ECE264/solutions/My-ECE264-Work/HW13/hw13
--5678-- Reading syms from /usr/lib64/valgrind/memcheck-amd64-linux
--5678--    object doesn't have a dynamic symbol table
--5678-- Reading syms from /lib64/ld-2.12.so
--5678--   Considering /usr/lib/debug/.build-id/1c/c2165e019d43f71fde0a47af9f4c8eb5e51963.debug ..
--5678--   .. build-id is valid
--5678-- Scheduler: using generic scheduler lock implementation.
--5678-- Reading suppressions file: /usr/lib64/valgrind/default.supp
==5678== embedded gdbserver: reading from /tmp/vgdb-pipe-from-vgdb-to-5678-by-lgoyal-on-ecegrid-thin7.ecn.purdue.edu
==5678== embedded gdbserver: writing to   /tmp/vgdb-pipe-to-vgdb-from-5678-by-lgoyal-on-ecegrid-thin7.ecn.purdue.edu
==5678== embedded gdbserver: shared mem   /tmp/vgdb-pipe-shared-mem-vgdb-5678-by-lgoyal-on-ecegrid-thin7.ecn.purdue.edu
==5678== 
==5678== TO CONTROL THIS PROCESS USING vgdb (which you probably
==5678== don't want to do, unless you know exactly what you're doing,
==5678== or are doing some strange experiment):
==5678==   /usr/lib64/valgrind/../../bin/vgdb --pid=5678 ...command...
==5678== 
==5678== TO DEBUG THIS PROCESS USING GDB: start GDB like this
==5678==   /path/to/gdb ./hw13
==5678== and then give GDB the following command
==5678==   target remote | /usr/lib64/valgrind/../../bin/vgdb --pid=5678
==5678== --pid is optional if only one valgrind process is running
==5678== 
--5678-- REDIR: 0x33bc217f90 (strlen) redirected to 0x38049551 (vgPlain_amd64_linux_REDIR_FOR_strlen)
--5678-- Reading syms from /usr/lib64/valgrind/vgpreload_core-amd64-linux.so
--5678-- Reading syms from /usr/lib64/valgrind/vgpreload_memcheck-amd64-linux.so
--5678-- REDIR: 0x33bc217da0 (index) redirected to 0x4a07c30 (index)
--5678-- REDIR: 0x33bc217e20 (strcmp) redirected to 0x4a08570 (strcmp)
--5678-- Reading syms from /lib64/libc-2.12.so
--5678--   Considering /usr/lib/debug/.build-id/8e/3aace76351b6a83390ca065e904eb82fbd1ec7.debug ..
--5678--   .. build-id is valid
--5678-- REDIR: 0x33bc684d10 (strcasecmp) redirected to 0x480155c (_vgnU_ifunc_wrapper)
--5678-- REDIR: 0x33bc686fd0 (strncasecmp) redirected to 0x480155c (_vgnU_ifunc_wrapper)
--5678-- REDIR: 0x33bc682c80 (__GI_strrchr) redirected to 0x4a07ab0 (__GI_strrchr)
--5678-- REDIR: 0x33bc67aa50 (malloc) redirected to 0x4a069ac (malloc)
--5678-- REDIR: 0x33bc68ab30 (strchrnul) redirected to 0x4a09fb0 (strchrnul)
--5678-- REDIR: 0x33bc67b8b0 (free) redirected to 0x4a063a9 (free)
==5678== 
==5678== HEAP SUMMARY:
==5678==     in use at exit: 0 bytes in 0 blocks
==5678==   total heap usage: 13 allocs, 13 frees, 788 bytes allocated
==5678== 
==5678== All heap blocks were freed -- no leaks are possible
==5678== 
==5678== ERROR SUMMARY: 0 errors from 0 contexts (suppressed: 8 from 6)
--5678-- 
--5678-- used_suppression:      4 U1004-ARM-_dl_relocate_object
--5678-- used_suppression:      4 glibc-2.5.x-on-SUSE-10.2-(PPC)-2a
==5678== 
==5678== ERROR SUMMARY: 0 errors from 0 contexts (suppressed: 8 from 6)
