==4934== Memcheck, a memory error detector
==4934== Copyright (C) 2002-2012, and GNU GPL'd, by Julian Seward et al.
==4934== Using Valgrind-3.8.1 and LibVEX; rerun with -h for copyright info
==4934== Command: ./hw13 inputs/test5.txt
==4934== Parent PID: 4928
==4934== 
--4934-- 
--4934-- Valgrind options:
--4934--    --tool=memcheck
--4934--    --verbose
--4934--    --log-file=./valgrind5.log
--4934-- Contents of /proc/version:
--4934--   Linux version 2.6.32-754.3.5.el6.x86_64 (mockbuild@x86-042.build.eng.bos.redhat.com) (gcc version 4.4.7 20120313 (Red Hat 4.4.7-23) (GCC) ) #1 SMP Thu Aug 9 11:56:22 EDT 2018
--4934-- Arch and hwcaps: AMD64, amd64-sse3-cx16-lzcnt-avx2-bmi
--4934-- Page sizes: currently 4096, max supported 4096
--4934-- Valgrind library directory: /usr/lib64/valgrind
--4934-- Reading syms from /home/shay/a/lgoyal/ECE264/solutions/My-ECE264-Work/HW13/hw13
--4934-- Reading syms from /usr/lib64/valgrind/memcheck-amd64-linux
--4934--    object doesn't have a dynamic symbol table
--4934-- Reading syms from /lib64/ld-2.12.so
--4934--   Considering /usr/lib/debug/.build-id/1c/c2165e019d43f71fde0a47af9f4c8eb5e51963.debug ..
--4934--   .. build-id is valid
--4934-- Scheduler: using generic scheduler lock implementation.
--4934-- Reading suppressions file: /usr/lib64/valgrind/default.supp
==4934== embedded gdbserver: reading from /tmp/vgdb-pipe-from-vgdb-to-4934-by-lgoyal-on-ecegrid-thin7.ecn.purdue.edu
==4934== embedded gdbserver: writing to   /tmp/vgdb-pipe-to-vgdb-from-4934-by-lgoyal-on-ecegrid-thin7.ecn.purdue.edu
==4934== embedded gdbserver: shared mem   /tmp/vgdb-pipe-shared-mem-vgdb-4934-by-lgoyal-on-ecegrid-thin7.ecn.purdue.edu
==4934== 
==4934== TO CONTROL THIS PROCESS USING vgdb (which you probably
==4934== don't want to do, unless you know exactly what you're doing,
==4934== or are doing some strange experiment):
==4934==   /usr/lib64/valgrind/../../bin/vgdb --pid=4934 ...command...
==4934== 
==4934== TO DEBUG THIS PROCESS USING GDB: start GDB like this
==4934==   /path/to/gdb ./hw13
==4934== and then give GDB the following command
==4934==   target remote | /usr/lib64/valgrind/../../bin/vgdb --pid=4934
==4934== --pid is optional if only one valgrind process is running
==4934== 
--4934-- REDIR: 0x33bc217f90 (strlen) redirected to 0x38049551 (vgPlain_amd64_linux_REDIR_FOR_strlen)
--4934-- Reading syms from /usr/lib64/valgrind/vgpreload_core-amd64-linux.so
--4934-- Reading syms from /usr/lib64/valgrind/vgpreload_memcheck-amd64-linux.so
--4934-- REDIR: 0x33bc217da0 (index) redirected to 0x4a07c30 (index)
--4934-- REDIR: 0x33bc217e20 (strcmp) redirected to 0x4a08570 (strcmp)
--4934-- Reading syms from /lib64/libc-2.12.so
--4934--   Considering /usr/lib/debug/.build-id/8e/3aace76351b6a83390ca065e904eb82fbd1ec7.debug ..
--4934--   .. build-id is valid
--4934-- REDIR: 0x33bc684d10 (strcasecmp) redirected to 0x480155c (_vgnU_ifunc_wrapper)
--4934-- REDIR: 0x33bc686fd0 (strncasecmp) redirected to 0x480155c (_vgnU_ifunc_wrapper)
--4934-- REDIR: 0x33bc682c80 (__GI_strrchr) redirected to 0x4a07ab0 (__GI_strrchr)
--4934-- REDIR: 0x33bc67aa50 (malloc) redirected to 0x4a069ac (malloc)
--4934-- REDIR: 0x33bc68ab30 (strchrnul) redirected to 0x4a09fb0 (strchrnul)
--4934-- REDIR: 0x33bc67b8b0 (free) redirected to 0x4a063a9 (free)
==4934== 
==4934== HEAP SUMMARY:
==4934==     in use at exit: 0 bytes in 0 blocks
==4934==   total heap usage: 9 allocs, 9 frees, 708 bytes allocated
==4934== 
==4934== All heap blocks were freed -- no leaks are possible
==4934== 
==4934== ERROR SUMMARY: 0 errors from 0 contexts (suppressed: 8 from 6)
--4934-- 
--4934-- used_suppression:      4 U1004-ARM-_dl_relocate_object
--4934-- used_suppression:      4 glibc-2.5.x-on-SUSE-10.2-(PPC)-2a
==4934== 
==4934== ERROR SUMMARY: 0 errors from 0 contexts (suppressed: 8 from 6)
