==35851== Memcheck, a memory error detector
==35851== Copyright (C) 2002-2012, and GNU GPL'd, by Julian Seward et al.
==35851== Using Valgrind-3.8.1 and LibVEX; rerun with -h for copyright info
==35851== Command: ./hw19 inputs/test9.txt
==35851== Parent PID: 35849
==35851== 
--35851-- 
--35851-- Valgrind options:
--35851--    --tool=memcheck
--35851--    --verbose
--35851--    --log-file=./valgrind9.log
--35851-- Contents of /proc/version:
--35851--   Linux version 2.6.32-754.3.5.el6.x86_64 (mockbuild@x86-042.build.eng.bos.redhat.com) (gcc version 4.4.7 20120313 (Red Hat 4.4.7-23) (GCC) ) #1 SMP Thu Aug 9 11:56:22 EDT 2018
--35851-- Arch and hwcaps: AMD64, amd64-sse3-cx16-avx
--35851-- Page sizes: currently 4096, max supported 4096
--35851-- Valgrind library directory: /usr/lib64/valgrind
--35851-- Reading syms from /home/shay/a/lgoyal/ECE264/solutions/My-ECE264-Work/HW19/hw19
--35851-- Reading syms from /usr/lib64/valgrind/memcheck-amd64-linux
--35851--    object doesn't have a dynamic symbol table
--35851-- Reading syms from /lib64/ld-2.12.so
--35851--   Considering /usr/lib/debug/.build-id/1c/c2165e019d43f71fde0a47af9f4c8eb5e51963.debug ..
--35851--   .. build-id is valid
--35851-- Scheduler: using generic scheduler lock implementation.
--35851-- Reading suppressions file: /usr/lib64/valgrind/default.supp
==35851== embedded gdbserver: reading from /tmp/vgdb-pipe-from-vgdb-to-35851-by-lgoyal-on-ecegrid-thin5.ecn.purdue.edu
==35851== embedded gdbserver: writing to   /tmp/vgdb-pipe-to-vgdb-from-35851-by-lgoyal-on-ecegrid-thin5.ecn.purdue.edu
==35851== embedded gdbserver: shared mem   /tmp/vgdb-pipe-shared-mem-vgdb-35851-by-lgoyal-on-ecegrid-thin5.ecn.purdue.edu
==35851== 
==35851== TO CONTROL THIS PROCESS USING vgdb (which you probably
==35851== don't want to do, unless you know exactly what you're doing,
==35851== or are doing some strange experiment):
==35851==   /usr/lib64/valgrind/../../bin/vgdb --pid=35851 ...command...
==35851== 
==35851== TO DEBUG THIS PROCESS USING GDB: start GDB like this
==35851==   /path/to/gdb ./hw19
==35851== and then give GDB the following command
==35851==   target remote | /usr/lib64/valgrind/../../bin/vgdb --pid=35851
==35851== --pid is optional if only one valgrind process is running
==35851== 
--35851-- REDIR: 0x35cfe17f90 (strlen) redirected to 0x38049551 (vgPlain_amd64_linux_REDIR_FOR_strlen)
--35851-- Reading syms from /usr/lib64/valgrind/vgpreload_core-amd64-linux.so
--35851-- Reading syms from /usr/lib64/valgrind/vgpreload_memcheck-amd64-linux.so
--35851-- REDIR: 0x35cfe17da0 (index) redirected to 0x4a07c30 (index)
--35851-- REDIR: 0x35cfe17e20 (strcmp) redirected to 0x4a08570 (strcmp)
--35851-- Reading syms from /lib64/libc-2.12.so
--35851--   Considering /usr/lib/debug/.build-id/8e/3aace76351b6a83390ca065e904eb82fbd1ec7.debug ..
--35851--   .. build-id is valid
--35851-- REDIR: 0x35d0284d10 (strcasecmp) redirected to 0x480155c (_vgnU_ifunc_wrapper)
--35851-- REDIR: 0x35d0286fd0 (strncasecmp) redirected to 0x480155c (_vgnU_ifunc_wrapper)
--35851-- REDIR: 0x35d0282c80 (__GI_strrchr) redirected to 0x4a07ab0 (__GI_strrchr)
--35851-- REDIR: 0x35d027aa50 (malloc) redirected to 0x4a069ac (malloc)
--35851-- REDIR: 0x35d027b8b0 (free) redirected to 0x4a063a9 (free)
--35851-- REDIR: 0x35d028ab30 (strchrnul) redirected to 0x4a09fb0 (strchrnul)
==35851== 
==35851== HEAP SUMMARY:
==35851==     in use at exit: 5,372 bytes in 237 blocks
==35851==   total heap usage: 239 allocs, 2 frees, 5,960 bytes allocated
==35851== 
==35851== Searching for pointers to 237 not-freed blocks
==35851== Checked 65,560 bytes
==35851== 
==35851== LEAK SUMMARY:
==35851==    definitely lost: 704 bytes in 44 blocks
==35851==    indirectly lost: 4,668 bytes in 193 blocks
==35851==      possibly lost: 0 bytes in 0 blocks
==35851==    still reachable: 0 bytes in 0 blocks
==35851==         suppressed: 0 bytes in 0 blocks
==35851== Rerun with --leak-check=full to see details of leaked memory
==35851== 
==35851== ERROR SUMMARY: 0 errors from 0 contexts (suppressed: 8 from 6)
--35851-- 
--35851-- used_suppression:      4 U1004-ARM-_dl_relocate_object
--35851-- used_suppression:      4 glibc-2.5.x-on-SUSE-10.2-(PPC)-2a
==35851== 
==35851== ERROR SUMMARY: 0 errors from 0 contexts (suppressed: 8 from 6)
