==35804== Memcheck, a memory error detector
==35804== Copyright (C) 2002-2012, and GNU GPL'd, by Julian Seward et al.
==35804== Using Valgrind-3.8.1 and LibVEX; rerun with -h for copyright info
==35804== Command: ./hw19 inputs/test1.txt
==35804== Parent PID: 35802
==35804== 
--35804-- 
--35804-- Valgrind options:
--35804--    --tool=memcheck
--35804--    --verbose
--35804--    --log-file=./valgrind1.log
--35804-- Contents of /proc/version:
--35804--   Linux version 2.6.32-754.3.5.el6.x86_64 (mockbuild@x86-042.build.eng.bos.redhat.com) (gcc version 4.4.7 20120313 (Red Hat 4.4.7-23) (GCC) ) #1 SMP Thu Aug 9 11:56:22 EDT 2018
--35804-- Arch and hwcaps: AMD64, amd64-sse3-cx16-avx
--35804-- Page sizes: currently 4096, max supported 4096
--35804-- Valgrind library directory: /usr/lib64/valgrind
--35804-- Reading syms from /home/shay/a/lgoyal/ECE264/solutions/My-ECE264-Work/HW19/hw19
--35804-- Reading syms from /usr/lib64/valgrind/memcheck-amd64-linux
--35804--    object doesn't have a dynamic symbol table
--35804-- Reading syms from /lib64/ld-2.12.so
--35804--   Considering /usr/lib/debug/.build-id/1c/c2165e019d43f71fde0a47af9f4c8eb5e51963.debug ..
--35804--   .. build-id is valid
--35804-- Scheduler: using generic scheduler lock implementation.
--35804-- Reading suppressions file: /usr/lib64/valgrind/default.supp
==35804== embedded gdbserver: reading from /tmp/vgdb-pipe-from-vgdb-to-35804-by-lgoyal-on-ecegrid-thin5.ecn.purdue.edu
==35804== embedded gdbserver: writing to   /tmp/vgdb-pipe-to-vgdb-from-35804-by-lgoyal-on-ecegrid-thin5.ecn.purdue.edu
==35804== embedded gdbserver: shared mem   /tmp/vgdb-pipe-shared-mem-vgdb-35804-by-lgoyal-on-ecegrid-thin5.ecn.purdue.edu
==35804== 
==35804== TO CONTROL THIS PROCESS USING vgdb (which you probably
==35804== don't want to do, unless you know exactly what you're doing,
==35804== or are doing some strange experiment):
==35804==   /usr/lib64/valgrind/../../bin/vgdb --pid=35804 ...command...
==35804== 
==35804== TO DEBUG THIS PROCESS USING GDB: start GDB like this
==35804==   /path/to/gdb ./hw19
==35804== and then give GDB the following command
==35804==   target remote | /usr/lib64/valgrind/../../bin/vgdb --pid=35804
==35804== --pid is optional if only one valgrind process is running
==35804== 
--35804-- REDIR: 0x35cfe17f90 (strlen) redirected to 0x38049551 (vgPlain_amd64_linux_REDIR_FOR_strlen)
--35804-- Reading syms from /usr/lib64/valgrind/vgpreload_core-amd64-linux.so
--35804-- Reading syms from /usr/lib64/valgrind/vgpreload_memcheck-amd64-linux.so
--35804-- REDIR: 0x35cfe17da0 (index) redirected to 0x4a07c30 (index)
--35804-- REDIR: 0x35cfe17e20 (strcmp) redirected to 0x4a08570 (strcmp)
--35804-- Reading syms from /lib64/libc-2.12.so
--35804--   Considering /usr/lib/debug/.build-id/8e/3aace76351b6a83390ca065e904eb82fbd1ec7.debug ..
--35804--   .. build-id is valid
--35804-- REDIR: 0x35d0284d10 (strcasecmp) redirected to 0x480155c (_vgnU_ifunc_wrapper)
--35804-- REDIR: 0x35d0286fd0 (strncasecmp) redirected to 0x480155c (_vgnU_ifunc_wrapper)
--35804-- REDIR: 0x35d0282c80 (__GI_strrchr) redirected to 0x4a07ab0 (__GI_strrchr)
--35804-- REDIR: 0x35d027aa50 (malloc) redirected to 0x4a069ac (malloc)
--35804-- REDIR: 0x35d027b8b0 (free) redirected to 0x4a063a9 (free)
--35804-- REDIR: 0x35d028ab30 (strchrnul) redirected to 0x4a09fb0 (strchrnul)
==35804== 
==35804== HEAP SUMMARY:
==35804==     in use at exit: 504 bytes in 27 blocks
==35804==   total heap usage: 29 allocs, 2 frees, 1,080 bytes allocated
==35804== 
==35804== Searching for pointers to 27 not-freed blocks
==35804== Checked 65,560 bytes
==35804== 
==35804== LEAK SUMMARY:
==35804==    definitely lost: 112 bytes in 7 blocks
==35804==    indirectly lost: 392 bytes in 20 blocks
==35804==      possibly lost: 0 bytes in 0 blocks
==35804==    still reachable: 0 bytes in 0 blocks
==35804==         suppressed: 0 bytes in 0 blocks
==35804== Rerun with --leak-check=full to see details of leaked memory
==35804== 
==35804== ERROR SUMMARY: 0 errors from 0 contexts (suppressed: 8 from 6)
--35804-- 
--35804-- used_suppression:      4 U1004-ARM-_dl_relocate_object
--35804-- used_suppression:      4 glibc-2.5.x-on-SUSE-10.2-(PPC)-2a
==35804== 
==35804== ERROR SUMMARY: 0 errors from 0 contexts (suppressed: 8 from 6)
