==35841== Memcheck, a memory error detector
==35841== Copyright (C) 2002-2012, and GNU GPL'd, by Julian Seward et al.
==35841== Using Valgrind-3.8.1 and LibVEX; rerun with -h for copyright info
==35841== Command: ./hw19 inputs/test8.txt
==35841== Parent PID: 35840
==35841== 
--35841-- 
--35841-- Valgrind options:
--35841--    --tool=memcheck
--35841--    --verbose
--35841--    --log-file=./valgrind8.log
--35841-- Contents of /proc/version:
--35841--   Linux version 2.6.32-754.3.5.el6.x86_64 (mockbuild@x86-042.build.eng.bos.redhat.com) (gcc version 4.4.7 20120313 (Red Hat 4.4.7-23) (GCC) ) #1 SMP Thu Aug 9 11:56:22 EDT 2018
--35841-- Arch and hwcaps: AMD64, amd64-sse3-cx16-avx
--35841-- Page sizes: currently 4096, max supported 4096
--35841-- Valgrind library directory: /usr/lib64/valgrind
--35841-- Reading syms from /home/shay/a/lgoyal/ECE264/solutions/My-ECE264-Work/HW19/hw19
--35841-- Reading syms from /usr/lib64/valgrind/memcheck-amd64-linux
--35841--    object doesn't have a dynamic symbol table
--35841-- Reading syms from /lib64/ld-2.12.so
--35841--   Considering /usr/lib/debug/.build-id/1c/c2165e019d43f71fde0a47af9f4c8eb5e51963.debug ..
--35841--   .. build-id is valid
--35841-- Scheduler: using generic scheduler lock implementation.
--35841-- Reading suppressions file: /usr/lib64/valgrind/default.supp
==35841== embedded gdbserver: reading from /tmp/vgdb-pipe-from-vgdb-to-35841-by-lgoyal-on-ecegrid-thin5.ecn.purdue.edu
==35841== embedded gdbserver: writing to   /tmp/vgdb-pipe-to-vgdb-from-35841-by-lgoyal-on-ecegrid-thin5.ecn.purdue.edu
==35841== embedded gdbserver: shared mem   /tmp/vgdb-pipe-shared-mem-vgdb-35841-by-lgoyal-on-ecegrid-thin5.ecn.purdue.edu
==35841== 
==35841== TO CONTROL THIS PROCESS USING vgdb (which you probably
==35841== don't want to do, unless you know exactly what you're doing,
==35841== or are doing some strange experiment):
==35841==   /usr/lib64/valgrind/../../bin/vgdb --pid=35841 ...command...
==35841== 
==35841== TO DEBUG THIS PROCESS USING GDB: start GDB like this
==35841==   /path/to/gdb ./hw19
==35841== and then give GDB the following command
==35841==   target remote | /usr/lib64/valgrind/../../bin/vgdb --pid=35841
==35841== --pid is optional if only one valgrind process is running
==35841== 
--35841-- REDIR: 0x35cfe17f90 (strlen) redirected to 0x38049551 (vgPlain_amd64_linux_REDIR_FOR_strlen)
--35841-- Reading syms from /usr/lib64/valgrind/vgpreload_core-amd64-linux.so
--35841-- Reading syms from /usr/lib64/valgrind/vgpreload_memcheck-amd64-linux.so
--35841-- REDIR: 0x35cfe17da0 (index) redirected to 0x4a07c30 (index)
--35841-- REDIR: 0x35cfe17e20 (strcmp) redirected to 0x4a08570 (strcmp)
--35841-- Reading syms from /lib64/libc-2.12.so
--35841--   Considering /usr/lib/debug/.build-id/8e/3aace76351b6a83390ca065e904eb82fbd1ec7.debug ..
--35841--   .. build-id is valid
--35841-- REDIR: 0x35d0284d10 (strcasecmp) redirected to 0x480155c (_vgnU_ifunc_wrapper)
--35841-- REDIR: 0x35d0286fd0 (strncasecmp) redirected to 0x480155c (_vgnU_ifunc_wrapper)
--35841-- REDIR: 0x35d0282c80 (__GI_strrchr) redirected to 0x4a07ab0 (__GI_strrchr)
--35841-- REDIR: 0x35d027aa50 (malloc) redirected to 0x4a069ac (malloc)
--35841-- REDIR: 0x35d027b8b0 (free) redirected to 0x4a063a9 (free)
--35841-- REDIR: 0x35d028ab30 (strchrnul) redirected to 0x4a09fb0 (strchrnul)
==35841== 
==35841== HEAP SUMMARY:
==35841==     in use at exit: 504 bytes in 27 blocks
==35841==   total heap usage: 29 allocs, 2 frees, 1,080 bytes allocated
==35841== 
==35841== Searching for pointers to 27 not-freed blocks
==35841== Checked 65,560 bytes
==35841== 
==35841== LEAK SUMMARY:
==35841==    definitely lost: 96 bytes in 6 blocks
==35841==    indirectly lost: 408 bytes in 21 blocks
==35841==      possibly lost: 0 bytes in 0 blocks
==35841==    still reachable: 0 bytes in 0 blocks
==35841==         suppressed: 0 bytes in 0 blocks
==35841== Rerun with --leak-check=full to see details of leaked memory
==35841== 
==35841== ERROR SUMMARY: 0 errors from 0 contexts (suppressed: 8 from 6)
--35841-- 
--35841-- used_suppression:      4 U1004-ARM-_dl_relocate_object
--35841-- used_suppression:      4 glibc-2.5.x-on-SUSE-10.2-(PPC)-2a
==35841== 
==35841== ERROR SUMMARY: 0 errors from 0 contexts (suppressed: 8 from 6)
