==37781== Memcheck, a memory error detector
==37781== Copyright (C) 2002-2012, and GNU GPL'd, by Julian Seward et al.
==37781== Using Valgrind-3.8.1 and LibVEX; rerun with -h for copyright info
==37781== Command: ./hw18 inputs/test2.txt
==37781== Parent PID: 37780
==37781== 
--37781-- 
--37781-- Valgrind options:
--37781--    --tool=memcheck
--37781--    --verbose
--37781--    --log-file=./valgrind2.log
--37781-- Contents of /proc/version:
--37781--   Linux version 2.6.32-754.3.5.el6.x86_64 (mockbuild@x86-042.build.eng.bos.redhat.com) (gcc version 4.4.7 20120313 (Red Hat 4.4.7-23) (GCC) ) #1 SMP Thu Aug 9 11:56:22 EDT 2018
--37781-- Arch and hwcaps: AMD64, amd64-sse3-cx16-avx
--37781-- Page sizes: currently 4096, max supported 4096
--37781-- Valgrind library directory: /usr/lib64/valgrind
--37781-- Reading syms from /home/shay/a/lgoyal/ECE264/solutions/My-ECE264-Work/HW18/hw18
--37781-- Reading syms from /usr/lib64/valgrind/memcheck-amd64-linux
--37781--    object doesn't have a dynamic symbol table
--37781-- Reading syms from /lib64/ld-2.12.so
--37781--   Considering /usr/lib/debug/.build-id/1c/c2165e019d43f71fde0a47af9f4c8eb5e51963.debug ..
--37781--   .. build-id is valid
--37781-- Scheduler: using generic scheduler lock implementation.
--37781-- Reading suppressions file: /usr/lib64/valgrind/default.supp
==37781== embedded gdbserver: reading from /tmp/vgdb-pipe-from-vgdb-to-37781-by-lgoyal-on-ecegrid-thin5.ecn.purdue.edu
==37781== embedded gdbserver: writing to   /tmp/vgdb-pipe-to-vgdb-from-37781-by-lgoyal-on-ecegrid-thin5.ecn.purdue.edu
==37781== embedded gdbserver: shared mem   /tmp/vgdb-pipe-shared-mem-vgdb-37781-by-lgoyal-on-ecegrid-thin5.ecn.purdue.edu
==37781== 
==37781== TO CONTROL THIS PROCESS USING vgdb (which you probably
==37781== don't want to do, unless you know exactly what you're doing,
==37781== or are doing some strange experiment):
==37781==   /usr/lib64/valgrind/../../bin/vgdb --pid=37781 ...command...
==37781== 
==37781== TO DEBUG THIS PROCESS USING GDB: start GDB like this
==37781==   /path/to/gdb ./hw18
==37781== and then give GDB the following command
==37781==   target remote | /usr/lib64/valgrind/../../bin/vgdb --pid=37781
==37781== --pid is optional if only one valgrind process is running
==37781== 
--37781-- REDIR: 0x35cfe17f90 (strlen) redirected to 0x38049551 (vgPlain_amd64_linux_REDIR_FOR_strlen)
--37781-- Reading syms from /usr/lib64/valgrind/vgpreload_core-amd64-linux.so
--37781-- Reading syms from /usr/lib64/valgrind/vgpreload_memcheck-amd64-linux.so
--37781-- REDIR: 0x35cfe17da0 (index) redirected to 0x4a07c30 (index)
--37781-- REDIR: 0x35cfe17e20 (strcmp) redirected to 0x4a08570 (strcmp)
--37781-- Reading syms from /lib64/libc-2.12.so
--37781--   Considering /usr/lib/debug/.build-id/8e/3aace76351b6a83390ca065e904eb82fbd1ec7.debug ..
--37781--   .. build-id is valid
--37781-- REDIR: 0x35d0284d10 (strcasecmp) redirected to 0x480155c (_vgnU_ifunc_wrapper)
--37781-- REDIR: 0x35d0286fd0 (strncasecmp) redirected to 0x480155c (_vgnU_ifunc_wrapper)
--37781-- REDIR: 0x35d0282c80 (__GI_strrchr) redirected to 0x4a07ab0 (__GI_strrchr)
--37781-- REDIR: 0x35d027aa50 (malloc) redirected to 0x4a069ac (malloc)
--37781-- REDIR: 0x35d027b8b0 (free) redirected to 0x4a063a9 (free)
--37781-- REDIR: 0x35d028ab30 (strchrnul) redirected to 0x4a09fb0 (strchrnul)
==37781== 
==37781== HEAP SUMMARY:
==37781==     in use at exit: 0 bytes in 0 blocks
==37781==   total heap usage: 38 allocs, 38 frees, 1,300 bytes allocated
==37781== 
==37781== All heap blocks were freed -- no leaks are possible
==37781== 
==37781== ERROR SUMMARY: 0 errors from 0 contexts (suppressed: 8 from 6)
--37781-- 
--37781-- used_suppression:      4 U1004-ARM-_dl_relocate_object
--37781-- used_suppression:      4 glibc-2.5.x-on-SUSE-10.2-(PPC)-2a
==37781== 
==37781== ERROR SUMMARY: 0 errors from 0 contexts (suppressed: 8 from 6)
