==37805== Memcheck, a memory error detector
==37805== Copyright (C) 2002-2012, and GNU GPL'd, by Julian Seward et al.
==37805== Using Valgrind-3.8.1 and LibVEX; rerun with -h for copyright info
==37805== Command: ./hw18 inputs/test6.txt
==37805== Parent PID: 37804
==37805== 
--37805-- 
--37805-- Valgrind options:
--37805--    --tool=memcheck
--37805--    --verbose
--37805--    --log-file=./valgrind6.log
--37805-- Contents of /proc/version:
--37805--   Linux version 2.6.32-754.3.5.el6.x86_64 (mockbuild@x86-042.build.eng.bos.redhat.com) (gcc version 4.4.7 20120313 (Red Hat 4.4.7-23) (GCC) ) #1 SMP Thu Aug 9 11:56:22 EDT 2018
--37805-- Arch and hwcaps: AMD64, amd64-sse3-cx16-avx
--37805-- Page sizes: currently 4096, max supported 4096
--37805-- Valgrind library directory: /usr/lib64/valgrind
--37805-- Reading syms from /home/shay/a/lgoyal/ECE264/solutions/My-ECE264-Work/HW18/hw18
--37805-- Reading syms from /usr/lib64/valgrind/memcheck-amd64-linux
--37805--    object doesn't have a dynamic symbol table
--37805-- Reading syms from /lib64/ld-2.12.so
--37805--   Considering /usr/lib/debug/.build-id/1c/c2165e019d43f71fde0a47af9f4c8eb5e51963.debug ..
--37805--   .. build-id is valid
--37805-- Scheduler: using generic scheduler lock implementation.
--37805-- Reading suppressions file: /usr/lib64/valgrind/default.supp
==37805== embedded gdbserver: reading from /tmp/vgdb-pipe-from-vgdb-to-37805-by-lgoyal-on-ecegrid-thin5.ecn.purdue.edu
==37805== embedded gdbserver: writing to   /tmp/vgdb-pipe-to-vgdb-from-37805-by-lgoyal-on-ecegrid-thin5.ecn.purdue.edu
==37805== embedded gdbserver: shared mem   /tmp/vgdb-pipe-shared-mem-vgdb-37805-by-lgoyal-on-ecegrid-thin5.ecn.purdue.edu
==37805== 
==37805== TO CONTROL THIS PROCESS USING vgdb (which you probably
==37805== don't want to do, unless you know exactly what you're doing,
==37805== or are doing some strange experiment):
==37805==   /usr/lib64/valgrind/../../bin/vgdb --pid=37805 ...command...
==37805== 
==37805== TO DEBUG THIS PROCESS USING GDB: start GDB like this
==37805==   /path/to/gdb ./hw18
==37805== and then give GDB the following command
==37805==   target remote | /usr/lib64/valgrind/../../bin/vgdb --pid=37805
==37805== --pid is optional if only one valgrind process is running
==37805== 
--37805-- REDIR: 0x35cfe17f90 (strlen) redirected to 0x38049551 (vgPlain_amd64_linux_REDIR_FOR_strlen)
--37805-- Reading syms from /usr/lib64/valgrind/vgpreload_core-amd64-linux.so
--37805-- Reading syms from /usr/lib64/valgrind/vgpreload_memcheck-amd64-linux.so
--37805-- REDIR: 0x35cfe17da0 (index) redirected to 0x4a07c30 (index)
--37805-- REDIR: 0x35cfe17e20 (strcmp) redirected to 0x4a08570 (strcmp)
--37805-- Reading syms from /lib64/libc-2.12.so
--37805--   Considering /usr/lib/debug/.build-id/8e/3aace76351b6a83390ca065e904eb82fbd1ec7.debug ..
--37805--   .. build-id is valid
--37805-- REDIR: 0x35d0284d10 (strcasecmp) redirected to 0x480155c (_vgnU_ifunc_wrapper)
--37805-- REDIR: 0x35d0286fd0 (strncasecmp) redirected to 0x480155c (_vgnU_ifunc_wrapper)
--37805-- REDIR: 0x35d0282c80 (__GI_strrchr) redirected to 0x4a07ab0 (__GI_strrchr)
--37805-- REDIR: 0x35d027aa50 (malloc) redirected to 0x4a069ac (malloc)
--37805-- REDIR: 0x35d027b8b0 (free) redirected to 0x4a063a9 (free)
--37805-- REDIR: 0x35d028ab30 (strchrnul) redirected to 0x4a09fb0 (strchrnul)
==37805== 
==37805== HEAP SUMMARY:
==37805==     in use at exit: 0 bytes in 0 blocks
==37805==   total heap usage: 35 allocs, 35 frees, 1,336 bytes allocated
==37805== 
==37805== All heap blocks were freed -- no leaks are possible
==37805== 
==37805== ERROR SUMMARY: 0 errors from 0 contexts (suppressed: 8 from 6)
--37805-- 
--37805-- used_suppression:      4 U1004-ARM-_dl_relocate_object
--37805-- used_suppression:      4 glibc-2.5.x-on-SUSE-10.2-(PPC)-2a
==37805== 
==37805== ERROR SUMMARY: 0 errors from 0 contexts (suppressed: 8 from 6)
